0000-0cf7 : PCI Bus 0000:00
  0000-001f : dma1
  0020-0021 : pic1
  0040-0043 : timer0
  0050-0053 : timer1
  0060-0060 : keyboard
  0062-0062 : PNP0C09:00
    0062-0062 : EC data
  0064-0064 : keyboard
  0066-0066 : PNP0C09:00
    0066-0066 : EC cmd
  0070-0077 : rtc0
  0080-008f : dma page reg
  00a0-00a1 : pic2
  00c0-00df : dma2
  00f0-00ff : fpu
    00f0-00f0 : PNP0C04:00
  03c0-03df : vga+
  0400-0403 : ACPI PM1a_EVT_BLK
  0404-0405 : ACPI PM1a_CNT_BLK
  0408-040b : ACPI PM_TMR
  0410-0415 : ACPI CPU throttle
  0420-042f : ACPI GPE0_BLK
  0430-0433 : iTCO_wdt
    0430-0433 : iTCO_wdt
  0450-0450 : ACPI PM2_CNT_BLK
  0460-047f : iTCO_wdt
    0460-047f : iTCO_wdt
  0480-048f : pnp 00:01
0cf8-0cff : PCI conf1
0d00-ffff : PCI Bus 0000:00
  1180-11ff : pnp 00:01
  1800-1807 : 0000:00:02.0
  1808-180b : 0000:00:1f.2
    1808-180b : ahci
  180c-180f : 0000:00:1f.2
    180c-180f : ahci
  1810-1817 : 0000:00:1f.2
    1810-1817 : ahci
  1818-181f : 0000:00:1f.2
    1818-181f : ahci
  1820-183f : 0000:00:1a.0
    1820-183f : uhci_hcd
  1840-185f : 0000:00:1d.0
    1840-185f : uhci_hcd
  1860-187f : 0000:00:1d.1
    1860-187f : uhci_hcd
  1880-189f : 0000:00:1d.2
    1880-189f : uhci_hcd
  18a0-18bf : 0000:00:1f.2
    18a0-18bf : ahci
  18c0-18df : 0000:00:1f.3
  2000-2fff : PCI Bus 0000:01
    2000-207f : 0000:01:00.0
  3000-3fff : PCI Bus 0000:02
    3000-307f : 0000:02:00.0
      3000-307f : atl1c
  4000-4fff : PCI Bus 0000:08
  5000-5fff : PCI Bus 0000:1a
  6000-6fff : PCI Bus 0000:26
  fe00-fe00 : pnp 00:01
  ff2c-ff7f : pnp 00:01
  ffff-ffff : pnp 00:01
    ffff-ffff : pnp 00:01
